This file contains any messages produced by compilers while
running configure, to aid debugging if configure makes a mistake.

It was created by patchelf configure 0.13.20210805.a949ff2, which was
generated by GNU Autoconf 2.69.  Invocation command line was

  $ /tmp/rpm/spack-stage/spack-stage-patchelf-0.13-4cadnl7q7aaukniwnnjbkgyy7nrt72hc/spack-src/configure --prefix=/lustre/home/rpm/.spack/bootstrap/store/linux-centos8-icelake/gcc-8.5.0/patchelf-0.13-4cadnl7q7aaukniwnnjbkgyy7nrt72hc

## --------- ##
## Platform. ##
## --------- ##

hostname = gpu01.pi.sjtu.edu.cn
uname -m = x86_64
uname -r = 4.18.0-240.el8.x86_64
uname -s = Linux
uname -v = #1 SMP Fri Sep 25 19:48:47 UTC 2020

/usr/bin/uname -p = x86_64
/bin/uname -X     = unknown

/bin/arch              = x86_64
/usr/bin/arch -k       = unknown
/usr/convex/getsysinfo = unknown
/usr/bin/hostinfo      = unknown
/bin/machine           = unknown
/usr/bin/oslevel       = unknown
/bin/universe          = unknown

PATH: /dssg/opt/software/packet/spack/lib/spack/env/gcc
PATH: /dssg/opt/software/packet/spack/lib/spack/env/case-insensitive
PATH: /dssg/opt/software/packet/spack/lib/spack/env
PATH: /dssg/opt/software/packet/spack/bin
PATH: /dssg/opt/software/install/Modules/bin
PATH: /usr/local/sbin
PATH: /usr/local/bin
PATH: /usr/sbin
PATH: /usr/bin
PATH: /root/bin


## ----------- ##
## Core tests. ##
## ----------- ##

configure:1899: checking for a BSD-compatible install
configure:1967: result: /usr/bin/install -c
configure:1978: checking whether build environment is sane
configure:2033: result: yes
configure:2184: checking for a thread-safe mkdir -p
configure:2223: result: /usr/bin/mkdir -p
configure:2230: checking for gawk
configure:2246: found /usr/bin/gawk
configure:2257: result: gawk
configure:2268: checking whether make sets $(MAKE)
configure:2290: result: yes
configure:2319: checking whether make supports nested variables
configure:2336: result: yes
configure:2467: checking whether make supports the include directive
configure:2482: make -f confmf.GNU && cat confinc.out
this is the am__doit target
configure:2485: $? = 0
configure:2504: result: yes (GNU style)
configure:2574: checking for gcc
configure:2601: result: /dssg/opt/software/packet/spack/lib/spack/env/gcc/gcc
configure:2830: checking for C compiler version
configure:2839: /dssg/opt/software/packet/spack/lib/spack/env/gcc/gcc --version >&5
gcc (GCC) 8.5.0 20210514 (Red Hat 8.5.0-4)
Copyright (C) 2018 Free Software Foundation, Inc.
This is free software; see the source for copying conditions.  There is NO
warranty; not even for MERCHANTABILITY or FITNESS FOR A PARTICULAR PURPOSE.

configure:2850: $? = 0
configure:2839: /dssg/opt/software/packet/spack/lib/spack/env/gcc/gcc -v >&5
Using built-in specs.
COLLECT_GCC=/usr/bin/gcc
COLLECT_LTO_WRAPPER=/usr/libexec/gcc/x86_64-redhat-linux/8/lto-wrapper
OFFLOAD_TARGET_NAMES=nvptx-none
OFFLOAD_TARGET_DEFAULT=1
Target: x86_64-redhat-linux
Configured with: ../configure --enable-bootstrap --enable-languages=c,c++,fortran,lto --prefix=/usr --mandir=/usr/share/man --infodir=/usr/share/info --with-bugurl=http://bugzilla.redhat.com/bugzilla --enable-shared --enable-threads=posix --enable-checking=release --enable-multilib --with-system-zlib --enable-__cxa_atexit --disable-libunwind-exceptions --enable-gnu-unique-object --enable-linker-build-id --with-gcc-major-version-only --with-linker-hash-style=gnu --enable-plugin --enable-initfini-array --with-isl --disable-libmpx --enable-offload-targets=nvptx-none --without-cuda-driver --enable-gnu-indirect-function --enable-cet --with-tune=generic --with-arch_32=x86-64 --build=x86_64-redhat-linux
Thread model: posix
gcc version 8.5.0 20210514 (Red Hat 8.5.0-4) (GCC) 
configure:2850: $? = 0
configure:2839: /dssg/opt/software/packet/spack/lib/spack/env/gcc/gcc -V >&5
gcc: error: unrecognized command line option '-V'
gcc: fatal error: no input files
compilation terminated.
configure:2850: $? = 1
configure:2839: /dssg/opt/software/packet/spack/lib/spack/env/gcc/gcc -qversion >&5
gcc: error: unrecognized command line option '-qversion'; did you mean '--version'?
configure:2850: $? = 1
configure:2870: checking whether the C compiler works
configure:2892: /dssg/opt/software/packet/spack/lib/spack/env/gcc/gcc    conftest.c  >&5
configure:2896: $? = 0
configure:2944: result: yes
configure:2947: checking for C compiler default output file name
configure:2949: result: a.out
configure:2955: checking for suffix of executables
configure:2962: /dssg/opt/software/packet/spack/lib/spack/env/gcc/gcc -o conftest    conftest.c  >&5
configure:2966: $? = 0
configure:2988: result: 
configure:3010: checking whether we are cross compiling
configure:3018: /dssg/opt/software/packet/spack/lib/spack/env/gcc/gcc -o conftest    conftest.c  >&5
configure:3022: $? = 0
configure:3029: ./conftest
configure:3033: $? = 0
configure:3048: result: no
configure:3053: checking for suffix of object files
configure:3075: /dssg/opt/software/packet/spack/lib/spack/env/gcc/gcc -c   conftest.c >&5
configure:3079: $? = 0
configure:3100: result: o
configure:3104: checking whether we are using the GNU C compiler
configure:3123: /dssg/opt/software/packet/spack/lib/spack/env/gcc/gcc -c   conftest.c >&5
configure:3123: $? = 0
configure:3132: result: yes
configure:3141: checking whether /dssg/opt/software/packet/spack/lib/spack/env/gcc/gcc accepts -g
configure:3161: /dssg/opt/software/packet/spack/lib/spack/env/gcc/gcc -c -g  conftest.c >&5
configure:3161: $? = 0
configure:3202: result: yes
configure:3219: checking for /dssg/opt/software/packet/spack/lib/spack/env/gcc/gcc option to accept ISO C89
configure:3282: /dssg/opt/software/packet/spack/lib/spack/env/gcc/gcc  -c -g -O2  conftest.c >&5
configure:3282: $? = 0
configure:3295: result: none needed
configure:3320: checking whether /dssg/opt/software/packet/spack/lib/spack/env/gcc/gcc understands -c and -o together
configure:3342: /dssg/opt/software/packet/spack/lib/spack/env/gcc/gcc -c conftest.c -o conftest2.o
configure:3345: $? = 0
configure:3342: /dssg/opt/software/packet/spack/lib/spack/env/gcc/gcc -c conftest.c -o conftest2.o
configure:3345: $? = 0
configure:3357: result: yes
configure:3376: checking dependency style of /dssg/opt/software/packet/spack/lib/spack/env/gcc/gcc
configure:3487: result: gcc3
configure:3615: checking for C++ compiler version
configure:3624: /dssg/opt/software/packet/spack/lib/spack/env/gcc/g++ --version >&5
g++ (GCC) 8.5.0 20210514 (Red Hat 8.5.0-4)
Copyright (C) 2018 Free Software Foundation, Inc.
This is free software; see the source for copying conditions.  There is NO
warranty; not even for MERCHANTABILITY or FITNESS FOR A PARTICULAR PURPOSE.

configure:3635: $? = 0
configure:3624: /dssg/opt/software/packet/spack/lib/spack/env/gcc/g++ -v >&5
Using built-in specs.
COLLECT_GCC=/usr/bin/g++
COLLECT_LTO_WRAPPER=/usr/libexec/gcc/x86_64-redhat-linux/8/lto-wrapper
OFFLOAD_TARGET_NAMES=nvptx-none
OFFLOAD_TARGET_DEFAULT=1
Target: x86_64-redhat-linux
Configured with: ../configure --enable-bootstrap --enable-languages=c,c++,fortran,lto --prefix=/usr --mandir=/usr/share/man --infodir=/usr/share/info --with-bugurl=http://bugzilla.redhat.com/bugzilla --enable-shared --enable-threads=posix --enable-checking=release --enable-multilib --with-system-zlib --enable-__cxa_atexit --disable-libunwind-exceptions --enable-gnu-unique-object --enable-linker-build-id --with-gcc-major-version-only --with-linker-hash-style=gnu --enable-plugin --enable-initfini-array --with-isl --disable-libmpx --enable-offload-targets=nvptx-none --without-cuda-driver --enable-gnu-indirect-function --enable-cet --with-tune=generic --with-arch_32=x86-64 --build=x86_64-redhat-linux
Thread model: posix
gcc version 8.5.0 20210514 (Red Hat 8.5.0-4) (GCC) 
configure:3635: $? = 0
configure:3624: /dssg/opt/software/packet/spack/lib/spack/env/gcc/g++ -V >&5
g++: error: unrecognized command line option '-V'
g++: fatal error: no input files
compilation terminated.
configure:3635: $? = 1
configure:3624: /dssg/opt/software/packet/spack/lib/spack/env/gcc/g++ -qversion >&5
g++: error: unrecognized command line option '-qversion'; did you mean '--version'?
configure:3635: $? = 1
configure:3639: checking whether we are using the GNU C++ compiler
configure:3658: /dssg/opt/software/packet/spack/lib/spack/env/gcc/g++ -c   conftest.cpp >&5
configure:3658: $? = 0
configure:3667: result: yes
configure:3676: checking whether /dssg/opt/software/packet/spack/lib/spack/env/gcc/g++ accepts -g
configure:3696: /dssg/opt/software/packet/spack/lib/spack/env/gcc/g++ -c -g  conftest.cpp >&5
configure:3696: $? = 0
configure:3737: result: yes
configure:3762: checking dependency style of /dssg/opt/software/packet/spack/lib/spack/env/gcc/g++
configure:3873: result: gcc3
configure:3897: checking dependency style of /dssg/opt/software/packet/spack/lib/spack/env/gcc/gcc
configure:4006: result: gcc3
configure:4202: checking that generated files are newer than configure
configure:4208: result: done
configure:4243: creating ./config.status

## ---------------------- ##
## Running config.status. ##
## ---------------------- ##

This file was extended by patchelf config.status 0.13.20210805.a949ff2, which was
generated by GNU Autoconf 2.69.  Invocation command line was

  CONFIG_FILES    = 
  CONFIG_HEADERS  = 
  CONFIG_LINKS    = 
  CONFIG_COMMANDS = 
  $ ./config.status 

on gpu01.pi.sjtu.edu.cn

config.status:788: creating Makefile
config.status:788: creating src/Makefile
config.status:788: creating tests/Makefile
config.status:788: creating patchelf.spec
config.status:960: executing depfiles commands
config.status:1037: cd src       && sed -e '/# am--include-marker/d' Makefile         | make -f - am--depfiles
config.status:1042: $? = 0
config.status:1037: cd tests       && sed -e '/# am--include-marker/d' Makefile         | make -f - am--depfiles
config.status:1042: $? = 0

## ---------------- ##
## Cache variables. ##
## ---------------- ##

ac_cv_c_compiler_gnu=yes
ac_cv_cxx_compiler_gnu=yes
ac_cv_env_CCASFLAGS_set=
ac_cv_env_CCASFLAGS_value=
ac_cv_env_CCAS_set=
ac_cv_env_CCAS_value=
ac_cv_env_CCC_set=
ac_cv_env_CCC_value=
ac_cv_env_CC_set=set
ac_cv_env_CC_value=/dssg/opt/software/packet/spack/lib/spack/env/gcc/gcc
ac_cv_env_CFLAGS_set=
ac_cv_env_CFLAGS_value=
ac_cv_env_CPPFLAGS_set=
ac_cv_env_CPPFLAGS_value=
ac_cv_env_CXXFLAGS_set=
ac_cv_env_CXXFLAGS_value=
ac_cv_env_CXX_set=set
ac_cv_env_CXX_value=/dssg/opt/software/packet/spack/lib/spack/env/gcc/g++
ac_cv_env_LDFLAGS_set=
ac_cv_env_LDFLAGS_value=
ac_cv_env_LIBS_set=
ac_cv_env_LIBS_value=
ac_cv_env_build_alias_set=
ac_cv_env_build_alias_value=
ac_cv_env_host_alias_set=
ac_cv_env_host_alias_value=
ac_cv_env_target_alias_set=
ac_cv_env_target_alias_value=
ac_cv_objext=o
ac_cv_path_install='/usr/bin/install -c'
ac_cv_path_mkdir=/usr/bin/mkdir
ac_cv_prog_AWK=gawk
ac_cv_prog_ac_ct_CC=/dssg/opt/software/packet/spack/lib/spack/env/gcc/gcc
ac_cv_prog_cc_c89=
ac_cv_prog_cc_g=yes
ac_cv_prog_cxx_g=yes
ac_cv_prog_make_make_set=yes
am_cv_CCAS_dependencies_compiler_type=gcc3
am_cv_CC_dependencies_compiler_type=gcc3
am_cv_CXX_dependencies_compiler_type=gcc3
am_cv_make_support_nested_variables=yes
am_cv_prog_cc_c_o=yes

## ----------------- ##
## Output variables. ##
## ----------------- ##

ACLOCAL='${SHELL} /tmp/rpm/spack-stage/spack-stage-patchelf-0.13-4cadnl7q7aaukniwnnjbkgyy7nrt72hc/spack-src/build-aux/missing aclocal-1.16'
AMDEPBACKSLASH='\'
AMDEP_FALSE='#'
AMDEP_TRUE=''
AMTAR='$${TAR-tar}'
AM_BACKSLASH='\'
AM_DEFAULT_V='$(AM_DEFAULT_VERBOSITY)'
AM_DEFAULT_VERBOSITY='1'
AM_V='$(V)'
AUTOCONF='${SHELL} /tmp/rpm/spack-stage/spack-stage-patchelf-0.13-4cadnl7q7aaukniwnnjbkgyy7nrt72hc/spack-src/build-aux/missing autoconf'
AUTOHEADER='${SHELL} /tmp/rpm/spack-stage/spack-stage-patchelf-0.13-4cadnl7q7aaukniwnnjbkgyy7nrt72hc/spack-src/build-aux/missing autoheader'
AUTOMAKE='${SHELL} /tmp/rpm/spack-stage/spack-stage-patchelf-0.13-4cadnl7q7aaukniwnnjbkgyy7nrt72hc/spack-src/build-aux/missing automake-1.16'
AWK='gawk'
CC='/dssg/opt/software/packet/spack/lib/spack/env/gcc/gcc'
CCAS='/dssg/opt/software/packet/spack/lib/spack/env/gcc/gcc'
CCASDEPMODE='depmode=gcc3'
CCASFLAGS='-g -O2'
CCDEPMODE='depmode=gcc3'
CFLAGS='-g -O2'
CPPFLAGS=''
CXX='/dssg/opt/software/packet/spack/lib/spack/env/gcc/g++'
CXXDEPMODE='depmode=gcc3'
CXXFLAGS='-g -O2'
CYGPATH_W='echo'
DEFS='-DPACKAGE_NAME=\"patchelf\" -DPACKAGE_TARNAME=\"patchelf\" -DPACKAGE_VERSION=\"0.13.20210805.a949ff2\" -DPACKAGE_STRING=\"patchelf\ 0.13.20210805.a949ff2\" -DPACKAGE_BUGREPORT=\"\" -DPACKAGE_URL=\"\" -DPACKAGE=\"patchelf\" -DVERSION=\"0.13.20210805.a949ff2\"'
DEPDIR='.deps'
ECHO_C=''
ECHO_N='-n'
ECHO_T=''
EXEEXT=''
INSTALL_DATA='${INSTALL} -m 644'
INSTALL_PROGRAM='${INSTALL}'
INSTALL_SCRIPT='${INSTALL}'
INSTALL_STRIP_PROGRAM='$(install_sh) -c -s'
LDFLAGS=''
LIBOBJS=''
LIBS=''
LTLIBOBJS=''
MAKEINFO='${SHELL} /tmp/rpm/spack-stage/spack-stage-patchelf-0.13-4cadnl7q7aaukniwnnjbkgyy7nrt72hc/spack-src/build-aux/missing makeinfo'
MKDIR_P='/usr/bin/mkdir -p'
OBJEXT='o'
PACKAGE='patchelf'
PACKAGE_BUGREPORT=''
PACKAGE_NAME='patchelf'
PACKAGE_STRING='patchelf 0.13.20210805.a949ff2'
PACKAGE_TARNAME='patchelf'
PACKAGE_URL=''
PACKAGE_VERSION='0.13.20210805.a949ff2'
PATH_SEPARATOR=':'
SET_MAKE=''
SHELL='/bin/sh'
STRIP=''
VERSION='0.13.20210805.a949ff2'
WITH_ASAN_FALSE=''
WITH_ASAN_TRUE='#'
ac_ct_CC='/dssg/opt/software/packet/spack/lib/spack/env/gcc/gcc'
ac_ct_CXX=''
am__EXEEXT_FALSE=''
am__EXEEXT_TRUE='#'
am__fastdepCCAS_FALSE='#'
am__fastdepCCAS_TRUE=''
am__fastdepCC_FALSE='#'
am__fastdepCC_TRUE=''
am__fastdepCXX_FALSE='#'
am__fastdepCXX_TRUE=''
am__include='include'
am__isrc=''
am__leading_dot='.'
am__nodep='_no'
am__quote=''
am__tar='$${TAR-tar} chof - "$$tardir"'
am__untar='$${TAR-tar} xf -'
bindir='${exec_prefix}/bin'
build_alias=''
datadir='${datarootdir}'
datarootdir='${prefix}/share'
docdir='${datarootdir}/doc/${PACKAGE_TARNAME}'
dvidir='${docdir}'
exec_prefix='${prefix}'
host_alias=''
htmldir='${docdir}'
includedir='${prefix}/include'
infodir='${datarootdir}/info'
install_sh='${SHELL} /tmp/rpm/spack-stage/spack-stage-patchelf-0.13-4cadnl7q7aaukniwnnjbkgyy7nrt72hc/spack-src/build-aux/install-sh'
libdir='${exec_prefix}/lib'
libexecdir='${exec_prefix}/libexec'
localedir='${datarootdir}/locale'
localstatedir='${prefix}/var'
mandir='${datarootdir}/man'
mkdir_p='$(MKDIR_P)'
oldincludedir='/usr/include'
pdfdir='${docdir}'
prefix='/lustre/home/rpm/.spack/bootstrap/store/linux-centos8-icelake/gcc-8.5.0/patchelf-0.13-4cadnl7q7aaukniwnnjbkgyy7nrt72hc'
program_transform_name='s,x,x,'
psdir='${docdir}'
sbindir='${exec_prefix}/sbin'
sharedstatedir='${prefix}/com'
sysconfdir='${prefix}/etc'
target_alias=''

## ----------- ##
## confdefs.h. ##
## ----------- ##

/* confdefs.h */
#define PACKAGE_NAME "patchelf"
#define PACKAGE_TARNAME "patchelf"
#define PACKAGE_VERSION "0.13.20210805.a949ff2"
#define PACKAGE_STRING "patchelf 0.13.20210805.a949ff2"
#define PACKAGE_BUGREPORT ""
#define PACKAGE_URL ""
#define PACKAGE "patchelf"
#define VERSION "0.13.20210805.a949ff2"

configure: exit 0
